*** Starting uWSGI 2.0.23 (64bit) on [Sun Dec 24 19:08:46 2023] ***
compiled with version: 11.4.0 on 24 December 2023 09:09:24
os: Linux-6.2.0-39-generic #40~22.04.1-Ubuntu SMP PREEMPT_DYNAMIC Thu Nov 16 10:53:04 UTC 2
nodename: pass
machine: x86_64
clock source: unix
detected number of CPU cores: 4
current working directory: /home/myweb/MyBooks
writing pidfile to /home/myweb/master.pid
detected binary path: /usr/local/bin/uwsgi
!!! no internal routing support, rebuild with pcre support !!!
uWSGI running as root, you can use --uid/--gid/--chroot options
*** WARNING: you are running uWSGI as root !!! (use the --uid flag) *** 
chdir() to /home/myweb
your processes number limit is 31291
your memory page size is 4096 bytes
detected max file descriptor number: 1024
lock engine: pthread robust mutexes
thunder lock: disabled (you can enable it with --thunder-lock)
probably another instance of uWSGI is running on the same address (127.0.0.1:8080).
bind(): Address already in use [core/socket.c line 769]
*** Starting uWSGI 2.0.23 (64bit) on [Sun Dec 24 19:13:31 2023] ***
compiled with version: 11.4.0 on 24 December 2023 09:09:24
os: Linux-6.2.0-39-generic #40~22.04.1-Ubuntu SMP PREEMPT_DYNAMIC Thu Nov 16 10:53:04 UTC 2
nodename: pass
machine: x86_64
clock source: unix
detected number of CPU cores: 4
current working directory: /home/myweb/MyBooks
writing pidfile to /home/myweb/master.pid
detected binary path: /usr/local/bin/uwsgi
!!! no internal routing support, rebuild with pcre support !!!
uWSGI running as root, you can use --uid/--gid/--chroot options
*** WARNING: you are running uWSGI as root !!! (use the --uid flag) *** 
chdir() to /home/myweb
your processes number limit is 31291
your memory page size is 4096 bytes
detected max file descriptor number: 1024
lock engine: pthread robust mutexes
thunder lock: disabled (you can enable it with --thunder-lock)
uwsgi socket 0 bound to TCP address 192.168.79.130:8080 fd 3
uWSGI running as root, you can use --uid/--gid/--chroot options
*** WARNING: you are running uWSGI as root !!! (use the --uid flag) *** 
Python version: 3.10.12 (main, Nov 20 2023, 15:14:05) [GCC 11.4.0]
*** Python threads support is disabled. You can enable it with --enable-threads ***
Python main interpreter initialized at 0x562fa9133c70
uWSGI running as root, you can use --uid/--gid/--chroot options
*** WARNING: you are running uWSGI as root !!! (use the --uid flag) *** 
your server socket listen backlog is limited to 100 connections
your mercy for graceful operations on workers is 60 seconds
mapped 403029 bytes (393 KB) for 2 cores
*** Operational MODE: preforking ***
ModuleNotFoundError: No module named 'CBI'
unable to load app 0 (mountpoint='') (callable not found or import error)
*** no app loaded. going in full dynamic mode ***
uWSGI running as root, you can use --uid/--gid/--chroot options
*** WARNING: you are running uWSGI as root !!! (use the --uid flag) *** 
*** uWSGI is running in multiple interpreter mode ***
spawned uWSGI master process (pid: 7933)
spawned uWSGI worker 1 (pid: 7934, cores: 1)
spawned uWSGI worker 2 (pid: 7935, cores: 1)
uwsgi_proto_uwsgi_parser(): Success [proto/uwsgi.c line 40]
uwsgi_proto_uwsgi_parser(): Success [proto/uwsgi.c line 40]
SIGINT/SIGTERM received...killing workers...
worker 1 buried after 1 seconds
worker 2 buried after 1 seconds
goodbye to uWSGI.
VACUUM: pidfile removed.
*** Starting uWSGI 2.0.23 (64bit) on [Sun Dec 24 21:18:38 2023] ***
compiled with version: 11.4.0 on 24 December 2023 09:09:24
os: Linux-6.2.0-39-generic #40~22.04.1-Ubuntu SMP PREEMPT_DYNAMIC Thu Nov 16 10:53:04 UTC 2
nodename: pass
machine: x86_64
clock source: unix
detected number of CPU cores: 4
current working directory: /home/myweb/MyBooks/BookStore
writing pidfile to /home/myweb/master.pid
detected binary path: /usr/local/bin/uwsgi
!!! no internal routing support, rebuild with pcre support !!!
uWSGI running as root, you can use --uid/--gid/--chroot options
*** WARNING: you are running uWSGI as root !!! (use the --uid flag) *** 
chdir() to /home/myweb
your processes number limit is 31291
your memory page size is 4096 bytes
detected max file descriptor number: 1024
lock engine: pthread robust mutexes
thunder lock: disabled (you can enable it with --thunder-lock)
uwsgi socket 0 bound to TCP address 192.168.79.130:8080 fd 3
uWSGI running as root, you can use --uid/--gid/--chroot options
*** WARNING: you are running uWSGI as root !!! (use the --uid flag) *** 
Python version: 3.10.12 (main, Nov 20 2023, 15:14:05) [GCC 11.4.0]
*** Python threads support is disabled. You can enable it with --enable-threads ***
Python main interpreter initialized at 0x55b74650bc20
uWSGI running as root, you can use --uid/--gid/--chroot options
*** WARNING: you are running uWSGI as root !!! (use the --uid flag) *** 
your server socket listen backlog is limited to 100 connections
your mercy for graceful operations on workers is 60 seconds
mapped 403029 bytes (393 KB) for 2 cores
*** Operational MODE: preforking ***
ModuleNotFoundError: No module named 'BookStore'
unable to load app 0 (mountpoint='') (callable not found or import error)
*** no app loaded. going in full dynamic mode ***
uWSGI running as root, you can use --uid/--gid/--chroot options
*** WARNING: you are running uWSGI as root !!! (use the --uid flag) *** 
*** uWSGI is running in multiple interpreter mode ***
spawned uWSGI master process (pid: 8146)
spawned uWSGI worker 1 (pid: 8147, cores: 1)
spawned uWSGI worker 2 (pid: 8148, cores: 1)
*** Starting uWSGI 2.0.23 (64bit) on [Sun Dec 31 12:46:41 2023] ***
compiled with version: 11.4.0 on 24 December 2023 09:09:24
os: Linux-6.2.0-39-generic #40~22.04.1-Ubuntu SMP PREEMPT_DYNAMIC Thu Nov 16 10:53:04 UTC 2
nodename: pass
machine: x86_64
clock source: unix
detected number of CPU cores: 4
current working directory: /root
writing pidfile to /home/myweb/master.pid
detected binary path: /usr/local/bin/uwsgi
!!! no internal routing support, rebuild with pcre support !!!
uWSGI running as root, you can use --uid/--gid/--chroot options
*** WARNING: you are running uWSGI as root !!! (use the --uid flag) *** 
chdir() to /home/myweb
your processes number limit is 31291
your memory page size is 4096 bytes
detected max file descriptor number: 1024
lock engine: pthread robust mutexes
thunder lock: disabled (you can enable it with --thunder-lock)
bind(): Cannot assign requested address [core/socket.c line 769]
*** Starting uWSGI 2.0.23 (64bit) on [Sun Dec 31 15:54:39 2023] ***
compiled with version: 11.4.0 on 24 December 2023 09:09:24
os: Linux-6.2.0-39-generic #40~22.04.1-Ubuntu SMP PREEMPT_DYNAMIC Thu Nov 16 10:53:04 UTC 2
nodename: pass
machine: x86_64
clock source: unix
detected number of CPU cores: 4
current working directory: /root
writing pidfile to /home/myweb/master.pid
detected binary path: /usr/local/bin/uwsgi
!!! no internal routing support, rebuild with pcre support !!!
uWSGI running as root, you can use --uid/--gid/--chroot options
*** WARNING: you are running uWSGI as root !!! (use the --uid flag) *** 
chdir() to /home/myweb
your processes number limit is 31291
your memory page size is 4096 bytes
detected max file descriptor number: 1024
lock engine: pthread robust mutexes
thunder lock: disabled (you can enable it with --thunder-lock)
bind(): Cannot assign requested address [core/socket.c line 769]
*** Starting uWSGI 2.0.23 (64bit) on [Sun Dec 31 21:35:44 2023] ***
compiled with version: 11.4.0 on 24 December 2023 09:09:24
os: Linux-6.2.0-39-generic #40~22.04.1-Ubuntu SMP PREEMPT_DYNAMIC Thu Nov 16 10:53:04 UTC 2
nodename: pass
machine: x86_64
clock source: unix
detected number of CPU cores: 4
current working directory: /root
writing pidfile to /home/myweb/master.pid
detected binary path: /usr/local/bin/uwsgi
!!! no internal routing support, rebuild with pcre support !!!
uWSGI running as root, you can use --uid/--gid/--chroot options
*** WARNING: you are running uWSGI as root !!! (use the --uid flag) *** 
chdir() to /home/myweb
your processes number limit is 31291
your memory page size is 4096 bytes
detected max file descriptor number: 1024
lock engine: pthread robust mutexes
thunder lock: disabled (you can enable it with --thunder-lock)
bind(): Cannot assign requested address [core/socket.c line 769]
*** Starting uWSGI 2.0.23 (64bit) on [Mon Jan  1 11:29:57 2024] ***
compiled with version: 11.4.0 on 24 December 2023 09:09:24
os: Linux-6.2.0-39-generic #40~22.04.1-Ubuntu SMP PREEMPT_DYNAMIC Thu Nov 16 10:53:04 UTC 2
nodename: pass
machine: x86_64
clock source: unix
detected number of CPU cores: 4
current working directory: /root
writing pidfile to /home/myweb/master.pid
detected binary path: /usr/local/bin/uwsgi
!!! no internal routing support, rebuild with pcre support !!!
uWSGI running as root, you can use --uid/--gid/--chroot options
*** WARNING: you are running uWSGI as root !!! (use the --uid flag) *** 
chdir() to /home/myweb
your processes number limit is 31291
your memory page size is 4096 bytes
detected max file descriptor number: 1024
lock engine: pthread robust mutexes
thunder lock: disabled (you can enable it with --thunder-lock)
bind(): Cannot assign requested address [core/socket.c line 769]
